🔴 STRIPE LIVE MODE ACTIVE - Using live keys
🔑 Stripe Secret Key: sk_live_51MQ...
🔑 Stripe Publishable Key: pk_live_51MQ...
✅ Firebase initialized with environment variable
✅ Firestore initialized successfully
 * Serving Flask app 'application'
 * Debug mode: off
[31m[1mWARNING: This is a development server. Do not use it in a production deployment. Use a production WSGI server instead.[0m
 * Running on all addresses (0.0.0.0)
 * Running on http://127.0.0.1:8000
 * Running on http://192.168.0.19:8000
[33mPress CTRL+C to quit[0m
127.0.0.1 - - [10/Nov/2025 14:02:26] "[32mGET / HTTP/1.1[0m" 302 -
127.0.0.1 - - [10/Nov/2025 14:03:10] "[32mGET / HTTP/1.1[0m" 302 -
127.0.0.1 - - [10/Nov/2025 14:03:10] "GET /landing HTTP/1.1" 200 -
127.0.0.1 - - [10/Nov/2025 14:03:13] "GET /static/favicon.ico HTTP/1.1" 200 -
127.0.0.1 - - [10/Nov/2025 14:03:15] "[32mGET /buy-human-review HTTP/1.1[0m" 303 -
127.0.0.1 - - [10/Nov/2025 14:03:16] "[32mGET /buy-human-review HTTP/1.1[0m" 303 -
127.0.0.1 - - [10/Nov/2025 14:03:19] "[32mGET /?canceled=true HTTP/1.1[0m" 302 -
127.0.0.1 - - [10/Nov/2025 14:03:19] "GET /landing HTTP/1.1" 200 -
127.0.0.1 - - [10/Nov/2025 14:03:23] "[32mGET /buy-human-review HTTP/1.1[0m" 303 -
127.0.0.1 - - [10/Nov/2025 14:03:27] "[32mGET /?canceled=true HTTP/1.1[0m" 302 -
127.0.0.1 - - [10/Nov/2025 14:03:27] "GET /landing HTTP/1.1" 200 -
/Library/Frameworks/Python.framework/Versions/3.12/lib/python3.12/site-packages/google/cloud/firestore_v1/base_collection.py:302: UserWarning: Detected filter using positional arguments. Prefer using the 'filter' keyword argument instead.
  return query.where(field_path, op_string, value)
127.0.0.1 - - [10/Nov/2025 14:03:39] "POST /login HTTP/1.1" 200 -
127.0.0.1 - - [10/Nov/2025 14:03:41] "GET / HTTP/1.1" 200 -
127.0.0.1 - - [10/Nov/2025 14:03:41] "GET /static/css/style.css?v=9 HTTP/1.1" 200 -
127.0.0.1 - - [10/Nov/2025 14:05:41] "POST /rewrite HTTP/1.1" 200 -
🔍 No user_id in session, redirecting to landing
🔍 No user_id in session, redirecting to landing
✅ Created checkout session for human review: cs_live_a1roRFOpaymfrlA9tcUKRqedlqE11seYRPa89XX9VIQ860BoQ9JCwvVesl
✅ Created checkout session for human review: cs_live_a1PKmyejRwm7LGYYhrzSyhjkIzrggBhh1fcdLSQyoM047KD8RSL0agQM2Z
🔍 No user_id in session, redirecting to landing
✅ Created checkout session for human review: cs_live_a1rv1bMZAcENTcxa9CF88snM4cLODxcJr2VEAQ4SdeZZmQ2Hlz8wXE4WTQ
🔍 No user_id in session, redirecting to landing
🚀 LOGIN ENDPOINT CALLED!
🚀 Login request data: {'email': 'baloney2@gmail.com'}
🚀 Extracted: id_token=False, uid=None, email=baloney2@gmail.com
🔍 Legacy user detected: baloney2@gmail.com
🔍 Processing legacy login for email: baloney2@gmail.com
🔍 Found 1 documents for email: baloney2@gmail.com
🔍 Legacy user found: user_cus_TBaY5WTUjtXBM2_1759753123
🔍 User data: {'user_email': 'baloney2@gmail.com', 'stripe_subscription_id': 'sub_1SFDNERNfR5BjEMpApxW22zq', 'subscription_status': 'active', 'user_name': 'nick', 'stripe_customer_id': 'cus_TBaY5WTUjtXBM2', 'plan': 'monthly', 'updated_at': '2025-10-06T21:18:43.443387', 'subscription_start_date': '2025-10-06 21:18:43.443299'}
🔍 Legacy user user_cus_TBaY5WTUjtXBM2_1759753123 logged in with existing subscription: active
🔍 User user_cus_TBaY5WTUjtXBM2_1759753123 - Session subscription: active
🔍 User user_cus_TBaY5WTUjtXBM2_1759753123 - Firestore subscription: active
🔍 Subscription found: active, redirecting to main app
=== REWRITE REQUEST START ===
User user_cus_TBaY5WTUjtXBM2_1759753123 - Subscription validated: Active subscription found (session-based)
Essay text length: 3766
Essay preview: The afternoon sun beat against my shoulders as I hurried home through a swirl of vibrant skirts, res...
Got result generator: <generator object generate_response.<locals>.stream at 0x10e1e3e20>
=== STARTING REWRITE STREAMING RESPONSE ===
Yielding chunk 1: 'Under...' (length: 5)
Yielding chunk 2: ' the...' (length: 4)
Yielding chunk 3: ' ferv...' (length: 5)
Yielding chunk 4: 'ent...' (length: 3)
Yielding chunk 5: ' afternoon...' (length: 10)
Yielding chunk 6: ' sun...' (length: 4)
Yielding chunk 7: ',...' (length: 1)
Yielding chunk 8: ' I...' (length: 2)
Yielding chunk 9: ' scam...' (length: 5)
Yielding chunk 10: 'pered...' (length: 5)
Yielding chunk 11: ' home...' (length: 5)
Yielding chunk 12: ',...' (length: 1)
Yielding chunk 13: ' my...' (length: 3)
Yielding chunk 14: ' shoulders...' (length: 10)
Yielding chunk 15: ' painted...' (length: 8)
Yielding chunk 16: ' with...' (length: 5)
Yielding chunk 17: ' sweat...' (length: 6)
Yielding chunk 18: '....' (length: 1)
Yielding chunk 19: ' My...' (length: 3)
Yielding chunk 20: ' small...' (length: 6)
Yielding chunk 21: ' world...' (length: 6)
Yielding chunk 22: ' spun...' (length: 5)
Yielding chunk 23: ' around...' (length: 7)
Yielding chunk 24: ' vibrant...' (length: 8)
Yielding chunk 25: ' skirts...' (length: 7)
Yielding chunk 26: ' swirling...' (length: 9)
Yielding chunk 27: ' in...' (length: 3)
Yielding chunk 28: ' the...' (length: 4)
Yielding chunk 29: ' marketplace...' (length: 12)
Yielding chunk 30: ' and...' (length: 4)
Yielding chunk 31: ' the...' (length: 4)
Yielding chunk 32: ' hot...' (length: 4)
Yielding chunk 33: ' chase...' (length: 6)
Yielding chunk 34: ' of...' (length: 3)
Yielding chunk 35: ' football...' (length: 9)
Yielding chunk 36: 's...' (length: 1)
Yielding chunk 37: ' through...' (length: 8)
Yielding chunk 38: ' the...' (length: 4)
Yielding chunk 39: ' streets...' (length: 8)
Yielding chunk 40: '....' (length: 1)
Yielding chunk 41: ' Pe...' (length: 3)
Yielding chunk 42: 'ering...' (length: 5)
Yielding chunk 43: ' faces...' (length: 6)
Yielding chunk 44: ' I...' (length: 2)
Yielding chunk 45: '’d...' (length: 2)
Yielding chunk 46: ' known...' (length: 6)
Yielding chunk 47: ' my...' (length: 3)
Yielding chunk 48: ' whole...' (length: 6)
Yielding chunk 49: ' life...' (length: 5)
Yielding chunk 50: ' dart...' (length: 5)
Yielding chunk 51: 'ed...' (length: 2)
Yielding chunk 52: ' in...' (length: 3)
Yielding chunk 53: ' and...' (length: 4)
Yielding chunk 54: ' out...' (length: 4)
Yielding chunk 55: ' of...' (length: 3)
Yielding chunk 56: ' view...' (length: 5)
Yielding chunk 57: ';...' (length: 1)
Yielding chunk 58: ' the...' (length: 4)
Yielding chunk 59: ' familiar...' (length: 9)
Yielding chunk 60: ' marketplace...' (length: 12)
Yielding chunk 61: ' vendors...' (length: 8)
Yielding chunk 62: ',...' (length: 1)
Yielding chunk 63: ' like...' (length: 5)
Yielding chunk 64: ' perennial...' (length: 10)
Yielding chunk 65: ' flowers...' (length: 8)
Yielding chunk 66: ',...' (length: 1)
Yielding chunk 67: ' seemed...' (length: 7)
Yielding chunk 68: ' to...' (length: 3)
Yielding chunk 69: ' bloom...' (length: 6)
Yielding chunk 70: ' with...' (length: 5)
Yielding chunk 71: ' laughter...' (length: 9)
Yielding chunk 72: ' and...' (length: 4)
Yielding chunk 73: ' shared...' (length: 7)
Yielding chunk 74: ' camar...' (length: 6)
Yielding chunk 75: 'ader...' (length: 4)
Yielding chunk 76: 'ie...' (length: 2)
Yielding chunk 77: '.

...' (length: 3)
Yielding chunk 78: 'In...' (length: 2)
Yielding chunk 79: ' a...' (length: 2)
Yielding chunk 80: ' heartbeat...' (length: 10)
Yielding chunk 81: ',...' (length: 1)
Yielding chunk 82: ' I...' (length: 2)
Yielding chunk 83: ' abandoned...' (length: 10)
Yielding chunk 84: ' the...' (length: 4)
Yielding chunk 85: ' foot...' (length: 5)
Yielding chunk 86: ' race...' (length: 5)
Yielding chunk 87: ' home...' (length: 5)
Yielding chunk 88: ' to...' (length: 3)
Yielding chunk 89: ' gas...' (length: 4)
Yielding chunk 90: 'ps...' (length: 2)
Yielding chunk 91: ' of...' (length: 3)
Yielding chunk 92: ' relief...' (length: 7)
Yielding chunk 93: ',...' (length: 1)
Yielding chunk 94: ' shedding...' (length: 9)
Yielding chunk 95: ' my...' (length: 3)
Yielding chunk 96: ' worn...' (length: 5)
Yielding chunk 97: ' tennis...' (length: 7)
Yielding chunk 98: ' rac...' (length: 4)
Yielding chunk 99: 'quet...' (length: 4)
Yielding chunk 100: ' at...' (length: 3)
Yielding chunk 101: ' the...' (length: 4)
Yielding chunk 102: ' doorstep...' (length: 9)
Yielding chunk 103: '....' (length: 1)
Yielding chunk 104: ' S...' (length: 2)
Yielding chunk 105: 'aturated...' (length: 8)
Yielding chunk 106: ' with...' (length: 5)
Yielding chunk 107: ' sweat...' (length: 6)
Yielding chunk 108: ' and...' (length: 4)
Yielding chunk 109: ' smile...' (length: 6)
Yielding chunk 110: ' lines...' (length: 6)
Yielding chunk 111: ',...' (length: 1)
Yielding chunk 112: ' I...' (length: 2)
Yielding chunk 113: ' rolled...' (length: 7)
Yielding chunk 114: ' into...' (length: 5)
Yielding chunk 115: ' the...' (length: 4)
Yielding chunk 116: ' unk...' (length: 4)
Yielding chunk 117: 'empt...' (length: 4)
Yielding chunk 118: ' rhythm...' (length: 7)
Yielding chunk 119: ' of...' (length: 3)
Yielding chunk 120: ' the...' (length: 4)
Yielding chunk 121: ' kitchen...' (length: 8)
Yielding chunk 122: ',...' (length: 1)
Yielding chunk 123: ' a...' (length: 2)
Yielding chunk 124: ' sym...' (length: 4)
Yielding chunk 125: 'phony...' (length: 5)
Yielding chunk 126: ' usually...' (length: 8)
Yielding chunk 127: ' accompanied...' (length: 12)
Yielding chunk 128: ' by...' (length: 3)
Yielding chunk 129: ' Ab...' (length: 3)
Yielding chunk 130: 'uela...' (length: 4)
Yielding chunk 131: '’s...' (length: 2)
Yielding chunk 132: ' melodies...' (length: 9)
Yielding chunk 133: '....' (length: 1)
Yielding chunk 134: ' But...' (length: 4)
Yielding chunk 135: ' the...' (length: 4)
Yielding chunk 136: ' memory...' (length: 7)
Yielding chunk 137: '’s...' (length: 2)
Yielding chunk 138: ' buzz...' (length: 5)
Yielding chunk 139: ' muted...' (length: 6)
Yielding chunk 140: ' gradually...' (length: 10)
Yielding chunk 141: ',...' (length: 1)
Yielding chunk 142: ' replaced...' (length: 9)
Yielding chunk 143: ' by...' (length: 3)
Yielding chunk 144: ' the...' (length: 4)
Yielding chunk 145: ' stark...' (length: 6)
Yielding chunk 146: ' reality...' (length: 8)
Yielding chunk 147: ' of...' (length: 3)
Yielding chunk 148: ' sterile...' (length: 8)
Yielding chunk 149: ' Pennsylvania...' (length: 13)
Yielding chunk 150: ' high...' (length: 5)
Yielding chunk 151: ' school...' (length: 7)
Yielding chunk 152: ' corridors...' (length: 10)
Yielding chunk 153: '....' (length: 1)
Yielding chunk 154: ' No...' (length: 3)
Yielding chunk 155: ' sym...' (length: 4)
Yielding chunk 156: 'phony...' (length: 5)
Yielding chunk 157: ',...' (length: 1)
Yielding chunk 158: ' no...' (length: 3)
Yielding chunk 159: ' paints...' (length: 7)
Yielding chunk 160: ';...' (length: 1)
Yielding chunk 161: ' instead...' (length: 8)
Yielding chunk 162: ',...' (length: 1)
Yielding chunk 163: ' they...' (length: 5)
Yielding chunk 164: ' echoed...' (length: 7)
Yielding chunk 165: ' with...' (length: 5)
Yielding chunk 166: ' a...' (length: 2)
Yielding chunk 167: ' silence...' (length: 8)
Yielding chunk 168: ' so...' (length: 3)
Yielding chunk 169: ' profound...' (length: 9)
Yielding chunk 170: ' it...' (length: 3)
Yielding chunk 171: ' set...' (length: 4)
Yielding chunk 172: ' my...' (length: 3)
Yielding chunk 173: ' e...' (length: 2)
Yielding chunk 174: 'ard...' (length: 3)
Yielding chunk 175: 'r...' (length: 1)
Yielding chunk 176: 'ums...' (length: 3)
Yielding chunk 177: ' abl...' (length: 4)
Yielding chunk 178: 'aze...' (length: 3)
Yielding chunk 179: ',...' (length: 1)
Yielding chunk 180: ' subs...' (length: 5)
Yielding chunk 181: 'isting...' (length: 6)
Yielding chunk 182: ' in...' (length: 3)
Yielding chunk 183: ' a...' (length: 2)
Yielding chunk 184: ' world...' (length: 6)
Yielding chunk 185: ' stripped...' (length: 9)
Yielding chunk 186: ' of...' (length: 3)
Yielding chunk 187: ' color...' (length: 6)
Yielding chunk 188: ',...' (length: 1)
Yielding chunk 189: ' confined...' (length: 9)
Yielding chunk 190: ' to...' (length: 3)
Yielding chunk 191: ' mon...' (length: 4)
Yielding chunk 192: 'oton...' (length: 4)
Yielding chunk 193: 'ous...' (length: 3)
Yielding chunk 194: ' shades...' (length: 7)
Yielding chunk 195: ' of...' (length: 3)
Yielding chunk 196: ' gray...' (length: 5)
Yielding chunk 197: '....' (length: 1)
Yielding chunk 198: ' 

...' (length: 3)
Yielding chunk 199: 'The...' (length: 3)
Yielding chunk 200: ' first...' (length: 6)
Yielding chunk 201: ' weeks...' (length: 6)
Yielding chunk 202: ' of...' (length: 3)
Yielding chunk 203: ' school...' (length: 7)
Yielding chunk 204: ' saw...' (length: 4)
Yielding chunk 205: ' me...' (length: 3)
Yielding chunk 206: ' help...' (length: 5)
Yielding chunk 207: 'lessly...' (length: 6)
Yielding chunk 208: ' ad...' (length: 3)
Yielding chunk 209: 'rift...' (length: 4)
Yielding chunk 210: ',...' (length: 1)
Yielding chunk 211: ' clutch...' (length: 7)
Yielding chunk 212: 'ing...' (length: 3)
Yielding chunk 213: ' onto...' (length: 5)
Yielding chunk 214: ' my...' (length: 3)
Yielding chunk 215: ' class...' (length: 6)
Yielding chunk 216: ' schedule...' (length: 9)
Yielding chunk 217: ' like...' (length: 5)
Yielding chunk 218: ' a...' (length: 2)
Yielding chunk 219: ' drowning...' (length: 9)
Yielding chunk 220: ' sailor...' (length: 7)
Yielding chunk 221: ' to...' (length: 3)
Yielding chunk 222: ' a...' (length: 2)
Yielding chunk 223: ' wooden...' (length: 7)
Yielding chunk 224: ' spar...' (length: 5)
Yielding chunk 225: '....' (length: 1)
Yielding chunk 226: ' Inside...' (length: 7)
Yielding chunk 227: ' jokes...' (length: 6)
Yielding chunk 228: ' that...' (length: 5)
Yielding chunk 229: ' once...' (length: 5)
Yielding chunk 230: ' sparked...' (length: 8)
Yielding chunk 231: ' ra...' (length: 3)
Yielding chunk 232: 'uc...' (length: 2)
Yielding chunk 233: 'ous...' (length: 3)
Yielding chunk 234: ' laughter...' (length: 9)
Yielding chunk 235: ' now...' (length: 4)
Yielding chunk 236: ' gas...' (length: 4)
Yielding chunk 237: 'ped...' (length: 3)
Yielding chunk 238: ' for...' (length: 4)
Yielding chunk 239: ' breath...' (length: 7)
Yielding chunk 240: ',...' (length: 1)
Yielding chunk 241: ' lost...' (length: 5)
Yielding chunk 242: ' in...' (length: 3)
Yielding chunk 243: ' translation...' (length: 12)
Yielding chunk 244: '....' (length: 1)
Yielding chunk 245: ' The...' (length: 4)
Yielding chunk 246: ' lunch...' (length: 6)
Yielding chunk 247: 'room...' (length: 4)
Yielding chunk 248: ',...' (length: 1)
Yielding chunk 249: ' a...' (length: 2)
Yielding chunk 250: ' foreign...' (length: 8)
Yielding chunk 251: ' micro...' (length: 6)
Yielding chunk 252: 'cos...' (length: 3)
Yielding chunk 253: 'm...' (length: 1)
Yielding chunk 254: ',...' (length: 1)
Yielding chunk 255: ' was...' (length: 4)
Yielding chunk 256: ' un...' (length: 3)
Yielding chunk 257: 'charted...' (length: 7)
Yielding chunk 258: ',...' (length: 1)
Yielding chunk 259: ' with...' (length: 5)
Yielding chunk 260: ' my...' (length: 3)
Yielding chunk 261: ' reserved...' (length: 9)
Yielding chunk 262: ' spot...' (length: 5)
Yielding chunk 263: ' back...' (length: 5)
Yielding chunk 264: ' home...' (length: 5)
Yielding chunk 265: ' in...' (length: 3)
Yielding chunk 266: ' a...' (length: 2)
Yielding chunk 267: ' capsule...' (length: 8)
Yielding chunk 268: ' headed...' (length: 7)
Yielding chunk 269: ' for...' (length: 4)
Yielding chunk 270: ' Mars...' (length: 5)
Yielding chunk 271: '....' (length: 1)
Yielding chunk 272: ' The...' (length: 4)
Yielding chunk 273: ' pronounced...' (length: 11)
Yielding chunk 274: ' alien...' (length: 6)
Yielding chunk 275: 'ation...' (length: 5)
Yielding chunk 276: ' was...' (length: 4)
Yielding chunk 277: ' far...' (length: 4)
Yielding chunk 278: ' from...' (length: 5)
Yielding chunk 279: ' the...' (length: 4)
Yielding chunk 280: ' linguistic...' (length: 11)
Yielding chunk 281: ' h...' (length: 2)
Yielding chunk 282: 'icc...' (length: 3)
Yielding chunk 283: 'ups...' (length: 3)
Yielding chunk 284: ';...' (length: 1)
Yielding chunk 285: ' it...' (length: 3)
Yielding chunk 286: ' was...' (length: 4)
Yielding chunk 287: ' the...' (length: 4)
Yielding chunk 288: ' startling...' (length: 10)
Yielding chunk 289: ' unfamiliar...' (length: 11)
Yielding chunk 290: 'ity...' (length: 3)
Yielding chunk 291: ' when...' (length: 5)
Yielding chunk 292: ' classmates...' (length: 11)
Yielding chunk 293: ' rec...' (length: 4)
Yielding chunk 294: 'ited...' (length: 4)
Yielding chunk 295: ' lines...' (length: 6)
Yielding chunk 296: ' from...' (length: 5)
Yielding chunk 297: ' The...' (length: 4)
Yielding chunk 298: ' Office...' (length: 7)
Yielding chunk 299: ' or...' (length: 3)
Yielding chunk 300: ' sang...' (length: 5)
Yielding chunk 301: ' tracks...' (length: 7)
Yielding chunk 302: ' I...' (length: 2)
Yielding chunk 303: ''d...' (length: 2)
Yielding chunk 304: ' never...' (length: 6)
Yielding chunk 305: ' come...' (length: 5)
Yielding chunk 306: ' across...' (length: 7)
Yielding chunk 307: '....' (length: 1)
Yielding chunk 308: ' The...' (length: 4)
Yielding chunk 309: ' daily...' (length: 6)
Yielding chunk 310: ' pulse...' (length: 6)
Yielding chunk 311: ' of...' (length: 3)
Yielding chunk 312: ' home...' (length: 5)
Yielding chunk 313: '—...' (length: 1)
Yielding chunk 314: 'family...' (length: 6)
Yielding chunk 315: ' embrace...' (length: 8)
Yielding chunk 316: ',...' (length: 1)
Yielding chunk 317: ' the...' (length: 4)
Yielding chunk 318: ' music...' (length: 6)
Yielding chunk 319: ',...' (length: 1)
Yielding chunk 320: ' the...' (length: 4)
Yielding chunk 321: ' intoxic...' (length: 8)
Yielding chunk 322: 'ating...' (length: 5)
Yielding chunk 323: ' arom...' (length: 5)
Yielding chunk 324: 'atics...' (length: 5)
Yielding chunk 325: '—...' (length: 1)
Yielding chunk 326: 'had...' (length: 3)
Yielding chunk 327: ' seemingly...' (length: 10)
Yielding chunk 328: ' slid...' (length: 5)
Yielding chunk 329: ' off...' (length: 4)
Yielding chunk 330: ' the...' (length: 4)
Yielding chunk 331: ' edges...' (length: 6)
Yielding chunk 332: ' of...' (length: 3)
Yielding chunk 333: ' the...' (length: 4)
Yielding chunk 334: ' Earth...' (length: 6)
Yielding chunk 335: '....' (length: 1)
Yielding chunk 336: ' Each...' (length: 5)
Yielding chunk 337: ' day...' (length: 4)
Yielding chunk 338: ' was...' (length: 4)
Yielding chunk 339: ' a...' (length: 2)
Yielding chunk 340: ' testament...' (length: 10)
Yielding chunk 341: ' to...' (length: 3)
Yielding chunk 342: ' alien...' (length: 6)
Yielding chunk 343: 'ation...' (length: 5)
Yielding chunk 344: ',...' (length: 1)
Yielding chunk 345: ' waking...' (length: 7)
Yielding chunk 346: ' up...' (length: 3)
Yielding chunk 347: ' continental...' (length: 12)
Yielding chunk 348: ' time...' (length: 5)
Yielding chunk 349: ' zones...' (length: 6)
Yielding chunk 350: ' away...' (length: 5)
Yielding chunk 351: ' from...' (length: 5)
Yielding chunk 352: ' familiarity...' (length: 12)
Yielding chunk 353: ',...' (length: 1)
Yielding chunk 354: ' stripped...' (length: 9)
Yielding chunk 355: ' of...' (length: 3)
Yielding chunk 356: ' my...' (length: 3)
Yielding chunk 357: ' former...' (length: 7)
Yielding chunk 358: ' identity...' (length: 9)
Yielding chunk 359: '.

...' (length: 3)
Yielding chunk 360: 'But...' (length: 3)
Yielding chunk 361: ' as...' (length: 3)
Yielding chunk 362: ' days...' (length: 5)
Yielding chunk 363: ' b...' (length: 2)
Yielding chunk 364: 'led...' (length: 3)
Yielding chunk 365: ' into...' (length: 5)
Yielding chunk 366: ' weeks...' (length: 6)
Yielding chunk 367: ',...' (length: 1)
Yielding chunk 368: ' this...' (length: 5)
Yielding chunk 369: ' isolation...' (length: 10)
Yielding chunk 370: ' propelled...' (length: 10)
Yielding chunk 371: ' me...' (length: 3)
Yielding chunk 372: ' not...' (length: 4)
Yielding chunk 373: ' outward...' (length: 8)
Yielding chunk 374: ',...' (length: 1)
Yielding chunk 375: ' but...' (length: 4)
Yielding chunk 376: ' deep...' (length: 5)
Yielding chunk 377: ' within...' (length: 7)
Yielding chunk 378: ',...' (length: 1)
Yielding chunk 379: ' my...' (length: 3)
Yielding chunk 380: ' gaze...' (length: 5)
Yielding chunk 381: ' trained...' (length: 8)
Yielding chunk 382: ' on...' (length: 3)
Yielding chunk 383: ' what...' (length: 5)
Yielding chunk 384: ' I...' (length: 2)
Yielding chunk 385: ' could...' (length: 6)
Yielding chunk 386: ' control...' (length: 8)
Yielding chunk 387: ' rather...' (length: 7)
Yielding chunk 388: ' than...' (length: 5)
Yielding chunk 389: ' what...' (length: 5)
Yielding chunk 390: ' lay...' (length: 4)
Yielding chunk 391: ' miles...' (length: 6)
Yielding chunk 392: ' beyond...' (length: 7)
Yielding chunk 393: '....' (length: 1)
Yielding chunk 394: ' I...' (length: 2)
Yielding chunk 395: ' learned...' (length: 8)
Yielding chunk 396: ' to...' (length: 3)
Yielding chunk 397: ' cr...' (length: 3)
Yielding chunk 398: 'adle...' (length: 4)
Yielding chunk 399: ' the...' (length: 4)
Yielding chunk 400: ' discomfort...' (length: 11)
Yielding chunk 401: ',...' (length: 1)
Yielding chunk 402: ' transforming...' (length: 13)
Yielding chunk 403: ' it...' (length: 3)
Yielding chunk 404: ' from...' (length: 5)
Yielding chunk 405: ' a...' (length: 2)
Yielding chunk 406: ' burden...' (length: 7)
Yielding chunk 407: ' to...' (length: 3)
Yielding chunk 408: ' a...' (length: 2)
Yielding chunk 409: ' reluctant...' (length: 10)
Yielding chunk 410: ' companion...' (length: 10)
Yielding chunk 411: '....' (length: 1)
Yielding chunk 412: ' And...' (length: 4)
Yielding chunk 413: ' so...' (length: 3)
Yielding chunk 414: ',...' (length: 1)
Yielding chunk 415: ' I...' (length: 2)
Yielding chunk 416: ' in...' (length: 3)
Yielding chunk 417: 'ched...' (length: 4)
Yielding chunk 418: ' forward...' (length: 8)
Yielding chunk 419: '....' (length: 1)
Yielding chunk 420: ' When...' (length: 5)
Yielding chunk 421: ' the...' (length: 4)
Yielding chunk 422: ' dice...' (length: 5)
Yielding chunk 423: ' were...' (length: 5)
Yielding chunk 424: ' cast...' (length: 5)
Yielding chunk 425: ' again...' (length: 6)
Yielding chunk 426: ',...' (length: 1)
Yielding chunk 427: ' and...' (length: 4)
Yielding chunk 428: ' we...' (length: 3)
Yielding chunk 429: ' relocated...' (length: 10)
Yielding chunk 430: ' just...' (length: 5)
Yielding chunk 431: ' twenty...' (length: 7)
Yielding chunk 432: ' minutes...' (length: 8)
Yielding chunk 433: ' away...' (length: 5)
Yielding chunk 434: ',...' (length: 1)
Yielding chunk 435: ' I...' (length: 2)
Yielding chunk 436: ' was...' (length: 4)
Yielding chunk 437: ' no...' (length: 3)
Yielding chunk 438: ' longer...' (length: 7)
Yielding chunk 439: ' the...' (length: 4)
Yielding chunk 440: ' naï...' (length: 4)
Yielding chunk 441: 've...' (length: 2)
Yielding chunk 442: ' adolescent...' (length: 11)
Yielding chunk 443: '....' (length: 1)
Yielding chunk 444: ' Transformation...' (length: 15)
Yielding chunk 445: ' was...' (length: 4)
Yielding chunk 446: ' at...' (length: 3)
Yielding chunk 447: ' my...' (length: 3)
Yielding chunk 448: ' fingertips...' (length: 11)
Yielding chunk 449: ';...' (length: 1)
Yielding chunk 450: ' I...' (length: 2)
Yielding chunk 451: ' could...' (length: 6)
Yielding chunk 452: ' mold...' (length: 5)
Yielding chunk 453: ' it...' (length: 3)
Yielding chunk 454: ' into...' (length: 5)
Yielding chunk 455: ' a...' (length: 2)
Yielding chunk 456: ' trajectory...' (length: 11)
Yielding chunk 457: ' that...' (length: 5)
Yielding chunk 458: ' suited...' (length: 7)
Yielding chunk 459: ' me...' (length: 3)
Yielding chunk 460: '....' (length: 1)
Yielding chunk 461: ' With...' (length: 5)
Yielding chunk 462: ' a...' (length: 2)
Yielding chunk 463: ' newfound...' (length: 9)
Yielding chunk 464: ' independence...' (length: 13)
Yielding chunk 465: ',...' (length: 1)
Yielding chunk 466: ' I...' (length: 2)
Yielding chunk 467: ' plunged...' (length: 8)
Yielding chunk 468: ' head...' (length: 5)
Yielding chunk 469: 'first...' (length: 5)
Yielding chunk 470: ' into...' (length: 5)
Yielding chunk 471: ' my...' (length: 3)
Yielding chunk 472: ' new...' (length: 4)
Yielding chunk 473: ' school...' (length: 7)
Yielding chunk 474: ''s...' (length: 2)
Yielding chunk 475: ' sports...' (length: 7)
Yielding chunk 476: ' scene...' (length: 6)
Yielding chunk 477: ' and...' (length: 4)
Yielding chunk 478: ' anchored...' (length: 9)
Yielding chunk 479: ' my...' (length: 3)
Yielding chunk 480: ' sense...' (length: 6)
Yielding chunk 481: ' of...' (length: 3)
Yielding chunk 482: ' self...' (length: 5)
Yielding chunk 483: ' in...' (length: 3)
Yielding chunk 484: ' tennis...' (length: 7)
Yielding chunk 485: '....' (length: 1)
Yielding chunk 486: ' With...' (length: 5)
Yielding chunk 487: ' every...' (length: 6)
Yielding chunk 488: ' serve...' (length: 6)
Yielding chunk 489: ' and...' (length: 4)
Yielding chunk 490: ' volley...' (length: 7)
Yielding chunk 491: ',...' (length: 1)
Yielding chunk 492: ' I...' (length: 2)
Yielding chunk 493: ' began...' (length: 6)
Yielding chunk 494: ' to...' (length: 3)
Yielding chunk 495: ' build...' (length: 6)
Yielding chunk 496: ' bridges...' (length: 8)
Yielding chunk 497: ',...' (length: 1)
Yielding chunk 498: ' re...' (length: 3)
Yielding chunk 499: 'def...' (length: 3)
Yielding chunk 500: 'ining...' (length: 5)
Yielding chunk 501: ' what...' (length: 5)
Yielding chunk 502: ' connection...' (length: 11)
Yielding chunk 503: ' meant...' (length: 6)
Yielding chunk 504: '.

...' (length: 3)
Yielding chunk 505: 'This...' (length: 4)
Yielding chunk 506: ' newfound...' (length: 9)
Yielding chunk 507: ' embrace...' (length: 8)
Yielding chunk 508: ' didn...' (length: 5)
Yielding chunk 509: ''t...' (length: 2)
Yielding chunk 510: ' dissolve...' (length: 9)
Yielding chunk 511: ' the...' (length: 4)
Yielding chunk 512: ' remnants...' (length: 9)
Yielding chunk 513: ' of...' (length: 3)
Yielding chunk 514: ' de...' (length: 3)
Yielding chunk 515: 'jection...' (length: 7)
Yielding chunk 516: ' and...' (length: 4)
Yielding chunk 517: ' longing...' (length: 8)
Yielding chunk 518: ' for...' (length: 4)
Yielding chunk 519: ' home...' (length: 5)
Yielding chunk 520: '....' (length: 1)
Yielding chunk 521: ' But...' (length: 4)
Yielding chunk 522: ' it...' (length: 3)
Yielding chunk 523: ' did...' (length: 4)
Yielding chunk 524: ' open...' (length: 5)
Yielding chunk 525: ' my...' (length: 3)
Yielding chunk 526: ' eyes...' (length: 5)
Yielding chunk 527: ' to...' (length: 3)
Yielding chunk 528: ' the...' (length: 4)
Yielding chunk 529: ' undeniable...' (length: 11)
Yielding chunk 530: ' truth...' (length: 6)
Yielding chunk 531: ' that...' (length: 5)
Yielding chunk 532: ' home...' (length: 5)
Yielding chunk 533: ' wasn...' (length: 5)
Yielding chunk 534: '’t...' (length: 2)
Yielding chunk 535: ' always...' (length: 7)
Yielding chunk 536: ' a...' (length: 2)
Yielding chunk 537: ' dot...' (length: 4)
Yielding chunk 538: ' on...' (length: 3)
Yielding chunk 539: ' the...' (length: 4)
Yielding chunk 540: ' map...' (length: 4)
Yielding chunk 541: ' but...' (length: 4)
Yielding chunk 542: ' a...' (length: 2)
Yielding chunk 543: ' collage...' (length: 8)
Yielding chunk 544: ' of...' (length: 3)
Yielding chunk 545: ' experiences...' (length: 12)
Yielding chunk 546: ' carried...' (length: 8)
Yielding chunk 547: ' within...' (length: 7)
Yielding chunk 548: '....' (length: 1)
Yielding chunk 549: ' What...' (length: 5)
Yielding chunk 550: ' was...' (length: 4)
Yielding chunk 551: ' once...' (length: 5)
Yielding chunk 552: ' a...' (length: 2)
Yielding chunk 553: ' vibrant...' (length: 8)
Yielding chunk 554: ' paint...' (length: 6)
Yielding chunk 555: ' palette...' (length: 8)
Yielding chunk 556: ' didn...' (length: 5)
Yielding chunk 557: '’t...' (length: 2)
Yielding chunk 558: ' fade...' (length: 5)
Yielding chunk 559: ' away...' (length: 5)
Yielding chunk 560: ';...' (length: 1)
Yielding chunk 561: ' instead...' (length: 8)
Yielding chunk 562: ',...' (length: 1)
Yielding chunk 563: ' it...' (length: 3)
Yielding chunk 564: ' shaded...' (length: 7)
Yielding chunk 565: ' the...' (length: 4)
Yielding chunk 566: ' canvas...' (length: 7)
Yielding chunk 567: ' of...' (length: 3)
Yielding chunk 568: ' my...' (length: 3)
Yielding chunk 569: ' path...' (length: 5)
Yielding chunk 570: ' ahead...' (length: 6)
Yielding chunk 571: '....' (length: 1)
Yielding chunk 572: ' I...' (length: 2)
Yielding chunk 573: ' realized...' (length: 9)
Yielding chunk 574: ' growth...' (length: 7)
Yielding chunk 575: ' was...' (length: 4)
Yielding chunk 576: ' not...' (length: 4)
Yielding chunk 577: ' a...' (length: 2)
Yielding chunk 578: ' fantast...' (length: 8)
Yielding chunk 579: 'ical...' (length: 4)
Yielding chunk 580: ' leap...' (length: 5)
Yielding chunk 581: ' but...' (length: 4)
Yielding chunk 582: ' a...' (length: 2)
Yielding chunk 583: ' slow...' (length: 5)
Yielding chunk 584: ' dance...' (length: 6)
Yielding chunk 585: ',...' (length: 1)
Yielding chunk 586: ' finding...' (length: 8)
Yielding chunk 587: ' rhythm...' (length: 7)
Yielding chunk 588: ' in...' (length: 3)
Yielding chunk 589: ' resilience...' (length: 11)
Yielding chunk 590: ' and...' (length: 4)
Yielding chunk 591: ' flourish...' (length: 9)
Yielding chunk 592: ' in...' (length: 3)
Yielding chunk 593: ' persistence...' (length: 12)
Yielding chunk 594: '.

...' (length: 3)
Yielding chunk 595: 'I...' (length: 1)
Yielding chunk 596: ' now...' (length: 4)
Yielding chunk 597: ' year...' (length: 5)
Yielding chunk 598: 'n...' (length: 1)
Yielding chunk 599: ' for...' (length: 4)
Yielding chunk 600: ' the...' (length: 4)
Yielding chunk 601: ' familiar...' (length: 9)
Yielding chunk 602: ' back...' (length: 5)
Yielding chunk 603: '-home...' (length: 5)
Yielding chunk 604: ' sounds...' (length: 7)
Yielding chunk 605: ',...' (length: 1)
Yielding chunk 606: ' the...' (length: 4)
Yielding chunk 607: ' echoes...' (length: 7)
Yielding chunk 608: ' of...' (length: 3)
Yielding chunk 609: ' Pur...' (length: 4)
Yielding chunk 610: 'ís...' (length: 2)
Yielding chunk 611: 'ima...' (length: 3)
Yielding chunk 612: ' fireworks...' (length: 10)
Yielding chunk 613: ',...' (length: 1)
Yielding chunk 614: ' the...' (length: 4)
Yielding chunk 615: ' bustling...' (length: 9)
Yielding chunk 616: ' marketplace...' (length: 12)
Yielding chunk 617: ' with...' (length: 5)
Yielding chunk 618: ' its...' (length: 4)
Yielding chunk 619: ' occasional...' (length: 11)
Yielding chunk 620: ' spilled...' (length: 8)
Yielding chunk 621: ' goods...' (length: 6)
Yielding chunk 622: '....' (length: 1)
Yielding chunk 623: ' But...' (length: 4)
Yielding chunk 624: ' this...' (length: 5)
Yielding chunk 625: ' longing...' (length: 8)
Yielding chunk 626: ' prop...' (length: 5)
Yielding chunk 627: 'els...' (length: 3)
Yielding chunk 628: ' me...' (length: 3)
Yielding chunk 629: ' into...' (length: 5)
Yielding chunk 630: ' seeking...' (length: 8)
Yielding chunk 631: ' vibr...' (length: 5)
Yielding chunk 632: 'ancy...' (length: 4)
Yielding chunk 633: ' in...' (length: 3)
Yielding chunk 634: ' the...' (length: 4)
Yielding chunk 635: ' most...' (length: 5)
Yielding chunk 636: ' langu...' (length: 6)
Yielding chunk 637: 'id...' (length: 2)
Yielding chunk 638: ' corners...' (length: 8)
Yielding chunk 639: ',...' (length: 1)
Yielding chunk 640: ' into...' (length: 5)
Yielding chunk 641: ' embracing...' (length: 10)
Yielding chunk 642: ' adversity...' (length: 10)
Yielding chunk 643: ' not...' (length: 4)
Yielding chunk 644: ' as...' (length: 3)
Yielding chunk 645: ' an...' (length: 3)
Yielding chunk 646: ' enemy...' (length: 6)
Yielding chunk 647: ' but...' (length: 4)
Yielding chunk 648: ' a...' (length: 2)
Yielding chunk 649: ' companion...' (length: 10)
Yielding chunk 650: ' on...' (length: 3)
Yielding chunk 651: ' my...' (length: 3)
Yielding chunk 652: ' journey...' (length: 8)
Yielding chunk 653: '....' (length: 1)
Yielding chunk 654: ' At...' (length: 3)
Yielding chunk 655: ' first...' (length: 6)
Yielding chunk 656: ',...' (length: 1)
Yielding chunk 657: ' my...' (length: 3)
Yielding chunk 658: ' safest...' (length: 7)
Yielding chunk 659: ' bet...' (length: 4)
Yielding chunk 660: ' was...' (length: 4)
Yielding chunk 661: ' br...' (length: 3)
Yielding chunk 662: 'acing...' (length: 5)
Yielding chunk 663: ' for...' (length: 4)
Yielding chunk 664: ' the...' (length: 4)
Yielding chunk 665: ' worst...' (length: 6)
Yielding chunk 666: ',...' (length: 1)
Yielding chunk 667: ' believing...' (length: 10)
Yielding chunk 668: ' that...' (length: 5)
Yielding chunk 669: ' hope...' (length: 5)
Yielding chunk 670: ' was...' (length: 4)
Yielding chunk 671: ' the...' (length: 4)
Yielding chunk 672: ' risk...' (length: 5)
Yielding chunk 673: 'iest...' (length: 4)
Yielding chunk 674: ' bet...' (length: 4)
Yielding chunk 675: ' to...' (length: 3)
Yielding chunk 676: ' place...' (length: 6)
Yielding chunk 677: '....' (length: 1)
Yielding chunk 678: ' But...' (length: 4)
Yielding chunk 679: ' now...' (length: 4)
Yielding chunk 680: ',...' (length: 1)
Yielding chunk 681: ' my...' (length: 3)
Yielding chunk 682: ' narrative...' (length: 10)
Yielding chunk 683: ' is...' (length: 3)
Yielding chunk 684: ' no...' (length: 3)
Yielding chunk 685: ' longer...' (length: 7)
Yielding chunk 686: ' a...' (length: 2)
Yielding chunk 687: ' pend...' (length: 5)
Yielding chunk 688: 'ulum...' (length: 4)
Yielding chunk 689: ' swinging...' (length: 9)
Yielding chunk 690: ' between...' (length: 8)
Yielding chunk 691: ' optimism...' (length: 9)
Yielding chunk 692: ' and...' (length: 4)
Yielding chunk 693: ' dread...' (length: 6)
Yielding chunk 694: '....' (length: 1)
Yielding chunk 695: ' The...' (length: 4)
Yielding chunk 696: ' lessons...' (length: 8)
Yielding chunk 697: ' of...' (length: 3)
Yielding chunk 698: ' adaptation...' (length: 11)
Yielding chunk 699: ' have...' (length: 5)
Yielding chunk 700: ' become...' (length: 7)
Yielding chunk 701: ' the...' (length: 4)
Yielding chunk 702: ' bed...' (length: 4)
Yielding chunk 703: 'rock...' (length: 4)
Yielding chunk 704: ' of...' (length: 3)
Yielding chunk 705: ' my...' (length: 3)
Yielding chunk 706: ' existence...' (length: 10)
Yielding chunk 707: ' and...' (length: 4)
Yielding chunk 708: ' my...' (length: 3)
Yielding chunk 709: ' becoming...' (length: 9)
Yielding chunk 710: ',...' (length: 1)
Yielding chunk 711: ' making...' (length: 7)
Yielding chunk 712: ' my...' (length: 3)
Yielding chunk 713: ' future...' (length: 7)
Yielding chunk 714: ' less...' (length: 5)
Yielding chunk 715: ' of...' (length: 3)
Yielding chunk 716: ' a...' (length: 2)
Yielding chunk 717: ' question...' (length: 9)
Yielding chunk 718: ' mark...' (length: 5)
Yielding chunk 719: ' and...' (length: 4)
127.0.0.1 - - [10/Nov/2025 14:10:38] "GET / HTTP/1.1" 200 -
127.0.0.1 - - [10/Nov/2025 14:10:38] "[36mGET /static/css/style.css?v=9 HTTP/1.1[0m" 304 -
127.0.0.1 - - [10/Nov/2025 14:11:48] "GET / HTTP/1.1" 200 -
127.0.0.1 - - [10/Nov/2025 14:11:48] "[36mGET /static/css/style.css?v=9 HTTP/1.1[0m" 304 -
127.0.0.1 - - [10/Nov/2025 14:13:43] "GET / HTTP/1.1" 200 -
127.0.0.1 - - [10/Nov/2025 14:13:43] "[36mGET /static/css/style.css?v=9 HTTP/1.1[0m" 304 -
127.0.0.1 - - [10/Nov/2025 14:13:46] "[33mGET /apple-touch-icon-precomposed.png HTTP/1.1[0m" 404 -
127.0.0.1 - - [10/Nov/2025 14:13:46] "[33mGET /apple-touch-icon.png HTTP/1.1[0m" 404 -
127.0.0.1 - - [10/Nov/2025 14:13:46] "GET /static/favicon.ico HTTP/1.1" 200 -
127.0.0.1 - - [10/Nov/2025 14:13:46] "GET /favicon.ico HTTP/1.1" 200 -
